0 verbose cli C:\Program Files\nodejs\node.exe C:\Users\govin\AppData\Roaming\npm\node_modules\npm\bin\npm-cli.js
1 info using npm@11.6.2
2 info using node@v24.11.0
3 silly config load:file:C:\Users\govin\AppData\Roaming\npm\node_modules\npm\npmrc
4 silly config load:file:C:\Users\govin\Downloads\portfolio - Copy\client\.npmrc
5 silly config load:file:C:\Users\govin\.npmrc
6 silly config load:file:C:\Users\govin\AppData\Roaming\npm\etc\npmrc
7 verbose title npm install react-google
8 verbose argv "install" "react-google"
9 verbose logfile logs-max:10 dir:C:\Users\govin\Downloads\portfolio - Copy\client\%USERPROFILE%\npm-cache\_logs\2025-11-28T17_24_39_996Z-
10 verbose logfile C:\Users\govin\Downloads\portfolio - Copy\client\%USERPROFILE%\npm-cache\_logs\2025-11-28T17_24_39_996Z-debug-0.log
11 silly logfile start cleaning logs, removing 1 files
12 silly packumentCache heap:4496293888 maxSize:1124073472 maxEntrySize:562036736
13 silly logfile done cleaning log files
14 silly idealTree buildDeps
15 silly fetch manifest react-google@*
16 silly packumentCache full:https://registry.npmjs.org/react-google cache-miss
17 http fetch GET 200 https://registry.npmjs.org/react-google 1772ms (cache miss)
18 silly packumentCache full:https://registry.npmjs.org/react-google set size:undefined disposed:false
19 silly fetch manifest react@19.1.0
20 silly packumentCache full:https://registry.npmjs.org/react cache-miss
21 http fetch GET 200 https://registry.npmjs.org/react 337ms (cache updated)
22 silly packumentCache full:https://registry.npmjs.org/react set size:undefined disposed:false
23 silly fetch manifest react@0.14.x
24 silly packumentCache full:https://registry.npmjs.org/react cache-miss
25 http cache https://registry.npmjs.org/react 35ms (cache hit)
26 silly packumentCache full:https://registry.npmjs.org/react set size:6287832 disposed:false
27 verbose stack Error: unable to resolve dependency tree
27 verbose stack     at #failPeerConflict (C:\Users\govin\AppData\Roaming\npm\node_modules\npm\node_modules\@npmcli\arborist\lib\arborist\build-ideal-tree.js:1420:25)
27 verbose stack     at #loadPeerSet (C:\Users\govin\AppData\Roaming\npm\node_modules\npm\node_modules\@npmcli\arborist\lib\arborist\build-ideal-tree.js:1386:33)
27 verbose stack     at async #buildDepStep (C:\Users\govin\AppData\Roaming\npm\node_modules\npm\node_modules\@npmcli\arborist\lib\arborist\build-ideal-tree.js:929:11)
27 verbose stack     at async Arborist.buildIdealTree (C:\Users\govin\AppData\Roaming\npm\node_modules\npm\node_modules\@npmcli\arborist\lib\arborist\build-ideal-tree.js:182:7)
27 verbose stack     at async Promise.all (index 1)
27 verbose stack     at async Arborist.reify (C:\Users\govin\AppData\Roaming\npm\node_modules\npm\node_modules\@npmcli\arborist\lib\arborist\reify.js:114:5)
27 verbose stack     at async Install.exec (C:\Users\govin\AppData\Roaming\npm\node_modules\npm\lib\commands\install.js:150:5)
27 verbose stack     at async Npm.exec (C:\Users\govin\AppData\Roaming\npm\node_modules\npm\lib\npm.js:208:9)
27 verbose stack     at async module.exports (C:\Users\govin\AppData\Roaming\npm\node_modules\npm\lib\cli\entry.js:67:5)
28 error code ERESOLVE
29 error ERESOLVE unable to resolve dependency tree
30 error
31 error While resolving: client@0.1.0
31 error Found: react@19.1.0[2m[22m
31 error [2mnode_modules/react[22m
31 error   react@"19.1.0" from the root project
31 error
31 error Could not resolve dependency:
31 error [95mpeer[39m react@"0.14.x" from react-google@0.0.3[2m[22m
31 error [2mnode_modules/react-google[22m
31 error   react-google@"*" from the root project
31 error
31 error Fix the upstream dependency conflict, or retry
31 error this command with --force or --legacy-peer-deps
31 error to accept an incorrect (and potentially broken) dependency resolution.
32 error
32 error
32 error For a full report see:
32 error C:\Users\govin\Downloads\portfolio - Copy\client\%USERPROFILE%\npm-cache\_logs\2025-11-28T17_24_39_996Z-eresolve-report.txt
33 silly unfinished npm timer reify 1764350681837
34 silly unfinished npm timer reify:loadTrees 1764350681838
35 silly unfinished npm timer idealTree:buildDeps 1764350682037
36 silly unfinished npm timer idealTree:#root 1764350682038
37 verbose cwd C:\Users\govin\Downloads\portfolio - Copy\client
38 verbose os Windows_NT 10.0.26100
39 verbose node v24.11.0
40 verbose npm  v11.6.2
41 verbose exit 1
42 verbose code 1
43 error A complete log of this run can be found in: C:\Users\govin\Downloads\portfolio - Copy\client\%USERPROFILE%\npm-cache\_logs\2025-11-28T17_24_39_996Z-debug-0.log
