0 verbose cli C:\Program Files\nodejs\node.exe C:\Users\govin\AppData\Roaming\npm\node_modules\npm\bin\npm-cli.js
1 info using npm@11.6.2
2 info using node@v24.11.0
3 silly config load:file:C:\Users\govin\AppData\Roaming\npm\node_modules\npm\npmrc
4 silly config load:file:c:\Users\govin\Downloads\portfolio - Copy\client\.npmrc
5 silly config load:file:C:\Users\govin\.npmrc
6 silly config load:file:C:\Users\govin\AppData\Roaming\npm\etc\npmrc
7 verbose title npm ls
8 verbose argv "ls" "--depth" "0" "--package-lock-only" "--omit" "dev" "--json"
9 verbose logfile logs-max:10 dir:c:\Users\govin\Downloads\portfolio - Copy\client\%USERPROFILE%\npm-cache\_logs\2025-11-23T07_27_40_809Z-
10 verbose logfile c:\Users\govin\Downloads\portfolio - Copy\client\%USERPROFILE%\npm-cache\_logs\2025-11-23T07_27_40_809Z-debug-0.log
11 silly logfile start cleaning logs, removing 1 files
12 silly packumentCache heap:4496293888 maxSize:1124073472 maxEntrySize:562036736
13 silly logfile done cleaning log files
14 verbose cwd c:\Users\govin\Downloads\portfolio - Copy\client
15 verbose os Windows_NT 10.0.26100
16 verbose node v24.11.0
17 verbose npm  v11.6.2
18 verbose exit 0
19 info ok
